<?xml version="1.0" encoding="UTF-8"?>
<!-- Generated by org.testng.reporters.JUnitReportReporter -->
<testsuite hostname="LAPTOP-858J0VPN" failures="0" tests="12" name="E2E.Framework.LandingPageTest" time="5.138" errors="0" timestamp="2024-12-01T19:43:10 IST" skipped="0">
  <testcase classname="E2E.Framework.LandingPageTest" name="verifyThatStandardUserCanGoTolandingPage" time="0.420"/>
  <system-out/>
  <testcase classname="E2E.Framework.LandingPageTest" name="verifyUserCanClickOnItem" time="0.376"/>
  <system-out/>
  <testcase classname="E2E.Framework.LandingPageTest" name="verifyUserCanClickOnItem" time="0.407"/>
  <system-out/>
  <testcase classname="E2E.Framework.LandingPageTest" name="verifyUserCanClickOnItem" time="0.394"/>
  <system-out/>
  <testcase classname="E2E.Framework.LandingPageTest" name="verifyThatStandardUserCanClickOnAddToCartButton" time="0.426"/>
  <system-out/>
  <testcase classname="E2E.Framework.LandingPageTest" name="verifyThatStandardUserCanClickOnAddToCartButton" time="0.397"/>
  <system-out/>
  <testcase classname="E2E.Framework.LandingPageTest" name="verifyThatStandardUserCanClickOnAddToCartButton" time="0.500"/>
  <system-out/>
  <testcase classname="E2E.Framework.LandingPageTest" name="verifyThatStandardUserCanRemoveItemFromCart" time="0.420"/>
  <system-out/>
  <testcase classname="E2E.Framework.LandingPageTest" name="verifyThatStandardUserCanRemoveItemFromCart" time="0.411"/>
  <system-out/>
  <testcase classname="E2E.Framework.LandingPageTest" name="verifyThatStandardUserCanRemoveItemFromCart" time="0.439"/>
  <system-out/>
  <testcase classname="E2E.Framework.LandingPageTest" name="verifyThatUserCanGoToCart" time="0.501"/>
  <system-out/>
  <testcase classname="E2E.Framework.LandingPageTest" name="verifyThatUserCanClickOnContinueShoppingButton" time="0.447"/>
  <system-out/>
</testsuite> <!-- E2E.Framework.LandingPageTest -->
