<?xml version="1.0" encoding="UTF-8"?>
<!-- Generated by org.testng.reporters.JUnitReportReporter -->
<testsuite hostname="LAPTOP-858J0VPN" failures="0" tests="1" name="E2E.Framework.validateNavigationBar" time="0.072" errors="0" timestamp="2021-08-14T22:43:59 IST" skipped="0">
  <testcase classname="E2E.Framework.validateNavigationBar" name="validatingAssertions" time="0.072"/>
  <system-out/>
</testsuite> <!-- E2E.Framework.validateNavigationBar -->
